<?xml version="1.0" encoding="UTF-8"?>
<!-- Generated by org.testng.reporters.JUnitReportReporter -->
<testsuite hostname="LAPTOP-KG9RKALO" failures="0" tests="3" name="practice.DataProviderPracticeTest" time="0.005" errors="0" timestamp="2021-12-27T12:36:26 PST" skipped="0">
  <testcase classname="practice.DataProviderPracticeTest" name="readDataFromDataProviderTest" time="0.002"/>
  <system-out/>
  <testcase classname="practice.DataProviderPracticeTest" name="readDataFromDataProviderTest" time="0.001"/>
  <system-out/>
  <testcase classname="practice.DataProviderPracticeTest" name="readDataFromDataProviderTest" time="0.002"/>
  <system-out/>
</testsuite> <!-- practice.DataProviderPracticeTest -->
